<?xml version="1.0" encoding="UTF-8"?>
<!-- Generated by org.testng.reporters.JUnitReportReporter -->
<testsuite hostname="DESKTOP-AU3VJ8E" failures="0" tests="1" name="testngpkg.Datadriventest" time="20.683" errors="0" timestamp="2024-02-26T11:06:11 IST" skipped="0">
  <testcase classname="testngpkg.Datadriventest" name="datadriven" time="20.683"/>
  <system-out/>
</testsuite> <!-- testngpkg.Datadriventest -->
