<?xml version="1.0" encoding="UTF-8"?>
<!-- Generated by org.testng.reporters.JUnitReportReporter -->
<testsuite hostname="DESKTOP-AU3VJ8E" failures="0" tests="1" name="testngpkg.Robotclspgm" time="5.507" errors="0" timestamp="2024-02-23T10:22:00 IST" skipped="0">
  <testcase classname="testngpkg.Robotclspgm" name="fileuploadpgm" time="5.507"/>
  <system-out/>
</testsuite> <!-- testngpkg.Robotclspgm -->
