<?xml version="1.0" encoding="UTF-8"?>
<!-- Generated by org.testng.reporters.JUnitReportReporter -->
<testsuite hostname="DESKTOP-AU3VJ8E" failures="0" tests="1" name="testngpkg.Tintutask" time="8.409" errors="0" timestamp="2024-03-01T08:55:26 IST" skipped="0">
  <testcase classname="testngpkg.Tintutask" name="signin" time="8.409"/>
  <system-out/>
</testsuite> <!-- testngpkg.Tintutask -->
