<?xml version="1.0" encoding="UTF-8"?>
<!-- Generated by org.testng.reporters.JUnitReportReporter -->
<testsuite hostname="DESKTOP-AU3VJ8E" failures="0" tests="1" name="testngpkg.Multiplewindowhandle" time="6.639" errors="0" timestamp="2024-02-27T09:46:11 IST" skipped="0">
  <testcase classname="testngpkg.Multiplewindowhandle" name="test" time="6.639"/>
  <system-out/>
</testsuite> <!-- testngpkg.Multiplewindowhandle -->
