<?xml version="1.0" encoding="UTF-8"?>
<!-- Generated by org.testng.reporters.JUnitReportReporter -->
<testsuite hostname="DESKTOP-AU3VJ8E" failures="0" tests="1" name="testngpkg.dragdroppgm" time="1.875" errors="0" timestamp="2024-02-21T10:33:40 IST" skipped="0">
  <testcase classname="testngpkg.dragdroppgm" name="dragdropmthd" time="1.875"/>
  <system-out/>
</testsuite> <!-- testngpkg.dragdroppgm -->
