<?xml version="1.0" encoding="UTF-8"?>
<!-- Generated by org.testng.reporters.JUnitReportReporter -->
<testsuite hostname="DESKTOP-AU3VJ8E" failures="0" tests="1" name="testngpkg.Disablenotificationtask" time="8.513" errors="0" timestamp="2024-02-28T10:45:45 IST" skipped="0">
  <testcase classname="testngpkg.Disablenotificationtask" name="task" time="8.513"/>
  <system-out/>
</testsuite> <!-- testngpkg.Disablenotificationtask -->
