<?xml version="1.0" encoding="UTF-8"?>
<!-- Generated by org.testng.reporters.JUnitReportReporter -->
<testsuite hostname="DESKTOP-AU3VJ8E" failures="0" tests="1" name="testpkg.FBlogintest" time="3.382" errors="0" timestamp="2024-03-06T13:54:49 IST" skipped="0">
  <testcase classname="testpkg.FBlogintest" name="test" time="3.382"/>
  <system-out/>
</testsuite> <!-- testpkg.FBlogintest -->
