<?xml version="1.0" encoding="UTF-8"?>
<!-- Generated by org.testng.reporters.JUnitReportReporter -->
<testsuite hostname="DESKTOP-AU3VJ8E" failures="0" tests="1" name="testngpkg.Automationtask2" time="6.846" errors="0" timestamp="2024-02-29T10:47:56 IST" skipped="0">
  <testcase classname="testngpkg.Automationtask2" name="signin" time="6.846"/>
  <system-out/>
</testsuite> <!-- testngpkg.Automationtask2 -->
