<?xml version="1.0" encoding="UTF-8"?>
<!-- Generated by org.testng.reporters.JUnitReportReporter -->
<testsuite hostname="DESKTOP-AU3VJ8E" failures="0" tests="1" name="testngpkg.Ebaytask" time="3.493" errors="0" timestamp="2024-02-28T10:07:34 IST" skipped="0">
  <testcase classname="testngpkg.Ebaytask" name="task" time="3.493"/>
  <system-out/>
</testsuite> <!-- testngpkg.Ebaytask -->
