<?xml version="1.0" encoding="UTF-8"?>
<!-- Generated by org.testng.reporters.JUnitReportReporter -->
<testsuite hostname="DESKTOP-AU3VJ8E" failures="0" tests="1" name="testngpkg.Fileuploadpgm" time="0.267" errors="0" timestamp="2024-02-22T11:03:47 IST" skipped="0">
  <testcase classname="testngpkg.Fileuploadpgm" name="uploadfile" time="0.267"/>
  <system-out/>
</testsuite> <!-- testngpkg.Fileuploadpgm -->
