<?xml version="1.0" encoding="UTF-8"?>
<!-- Generated by org.testng.reporters.JUnitReportReporter -->
<testsuite hostname="DESKTOP-AU3VJ8E" failures="0" tests="1" name="testngpkg.Automationtask1" time="2.576" errors="0" timestamp="2024-02-27T08:57:16 IST" skipped="0">
  <testcase classname="testngpkg.Automationtask1" name="signin" time="2.576"/>
  <system-out/>
</testsuite> <!-- testngpkg.Automationtask1 -->
