<?xml version="1.0" encoding="UTF-8"?>
<!-- Generated by org.testng.reporters.JUnitReportReporter -->
<testsuite hostname="DESKTOP-AU3VJ8E" failures="0" tests="1" name="testngpkg.Copypaste" time="2.610" errors="0" timestamp="2024-02-21T10:53:22 IST" skipped="0">
  <testcase classname="testngpkg.Copypaste" name="copypastemthd" time="2.610"/>
  <system-out/>
</testsuite> <!-- testngpkg.Copypaste -->
