<?xml version="1.0" encoding="UTF-8"?>
<!-- Generated by org.testng.reporters.JUnitReportReporter -->
<testsuite hostname="DESKTOP-AU3VJ8E" failures="0" tests="3" name="testngpkg.Crossbrowsertest" time="6.445" errors="0" timestamp="2024-02-20T14:07:00 IST" skipped="0">
  <testcase classname="testngpkg.Crossbrowsertest" name="test" time="2.485"/>
  <system-out/>
  <testcase classname="testngpkg.Crossbrowsertest" name="test" time="2.624"/>
  <system-out/>
  <testcase classname="testngpkg.Crossbrowsertest" name="test" time="1.336"/>
  <system-out/>
</testsuite> <!-- testngpkg.Crossbrowsertest -->
