<?xml version="1.0" encoding="UTF-8"?>
<!-- Generated by org.testng.reporters.JUnitReportReporter -->
<testsuite hostname="DESKTOP-AU3VJ8E" failures="0" tests="1" name="testngpkg.Scrolldowntask" time="3.074" errors="0" timestamp="2024-02-28T10:26:43 IST" skipped="0">
  <testcase classname="testngpkg.Scrolldowntask" name="task" time="3.074"/>
  <system-out/>
</testsuite> <!-- testngpkg.Scrolldowntask -->
