<?xml version="1.0" encoding="UTF-8"?>
<!-- Generated by org.testng.reporters.JUnitReportReporter -->
<testsuite hostname="DESKTOP-AU3VJ8E" failures="0" tests="1" name="testngpkg.Parameterisation" time="0.027" errors="0" timestamp="2024-02-20T09:36:47 IST" skipped="0">
  <testcase classname="testngpkg.Parameterisation" name="test" time="0.027"/>
  <system-out/>
</testsuite> <!-- testngpkg.Parameterisation -->
