<?xml version="1.0" encoding="UTF-8"?>
<!-- Generated by org.testng.reporters.JUnitReportReporter -->
<testsuite hostname="DESKTOP-AU3VJ8E" failures="0" tests="1" name="testngpkg.Datepickpgm" time="20.860" errors="0" timestamp="2024-03-04T11:19:41 IST" skipped="0">
  <testcase classname="testngpkg.Datepickpgm" name="datepicking" time="20.860"/>
  <system-out/>
</testsuite> <!-- testngpkg.Datepickpgm -->
